<?xml version="1.0" encoding="UTF-8"?>
<testng-results ignored="0" total="1" passed="1" failed="0" skipped="0">
  <reporter-output>
  </reporter-output>
  <suite started-at="2020-11-01T19:17:15 IST" name="Default suite" finished-at="2020-11-01T19:17:17 IST" duration-ms="2155">
    <groups>
    </groups>
    <test started-at="2020-11-01T19:17:15 IST" name="Default test" finished-at="2020-11-01T19:17:17 IST" duration-ms="2155">
      <class name="apiautomation.Scenario1_Tests">
        <test-method signature="scenario_01()[pri:0, instance:apiautomation.Scenario1_Tests@4e268090]" started-at="2020-11-01T19:17:15 IST" name="scenario_01" finished-at="2020-11-01T19:17:17 IST" duration-ms="2128" status="PASS">
          <reporter-output>
          </reporter-output>
        </test-method> <!-- scenario_01 -->
      </class> <!-- apiautomation.Scenario1_Tests -->
    </test> <!-- Default test -->
  </suite> <!-- Default suite -->
</testng-results>
