<?xml version="1.0" encoding="UTF-8"?>
<testng-results ignored="0" total="1" passed="1" failed="0" skipped="0">
  <reporter-output>
  </reporter-output>
  <suite started-at="2020-11-01T13:18:29 IST" name="Default suite" finished-at="2020-11-01T13:18:32 IST" duration-ms="3194">
    <groups>
    </groups>
    <test started-at="2020-11-01T13:18:29 IST" name="Default test" finished-at="2020-11-01T13:18:32 IST" duration-ms="3194">
      <class name="apiautomation.Tests">
        <test-method signature="scenario_01()[pri:0, instance:apiautomation.Tests@87a85e1]" started-at="2020-11-01T13:18:29 IST" name="scenario_01" finished-at="2020-11-01T13:18:32 IST" duration-ms="3163" status="PASS">
          <reporter-output>
          </reporter-output>
        </test-method> <!-- scenario_01 -->
      </class> <!-- apiautomation.Tests -->
    </test> <!-- Default test -->
  </suite> <!-- Default suite -->
</testng-results>
